[2025-11-19T00:00:00.564+0000] {local_task_job_runner.py:123} INFO - ::group::Pre task execution logs
[2025-11-19T00:00:00.569+0000] {taskinstance.py:2612} INFO - Dependencies all met for dep_context=non-requeueable deps ti=<TaskInstance: weather_etl_pipeline.ingest_weather scheduled__2025-11-18T00:00:00+00:00 [queued]>
[2025-11-19T00:00:00.571+0000] {taskinstance.py:2612} INFO - Dependencies all met for dep_context=requeueable deps ti=<TaskInstance: weather_etl_pipeline.ingest_weather scheduled__2025-11-18T00:00:00+00:00 [queued]>
[2025-11-19T00:00:00.572+0000] {taskinstance.py:2865} INFO - Starting attempt 1 of 2
[2025-11-19T00:00:00.576+0000] {taskinstance.py:2888} INFO - Executing <Task(PythonOperator): ingest_weather> on 2025-11-18 00:00:00+00:00
[2025-11-19T00:00:00.579+0000] {standard_task_runner.py:104} INFO - Running: ['airflow', 'tasks', 'run', 'weather_etl_pipeline', 'ingest_weather', 'scheduled__2025-11-18T00:00:00+00:00', '--job-id', '12', '--raw', '--subdir', 'DAGS_FOLDER/weather_etl_dag.py', '--cfg-path', '/tmp/tmp9p83b7zj']
[2025-11-19T00:00:00.580+0000] {logging_mixin.py:190} WARNING - /home/airflow/.local/lib/python3.12/site-packages/airflow/task/task_runner/standard_task_runner.py:70 DeprecationWarning: This process (pid=1006) is multi-threaded, use of fork() may lead to deadlocks in the child.
[2025-11-19T00:00:00.580+0000] {standard_task_runner.py:105} INFO - Job 12: Subtask ingest_weather
[2025-11-19T00:00:00.580+0000] {standard_task_runner.py:72} INFO - Started process 1008 to run task
[2025-11-19T00:00:00.599+0000] {task_command.py:467} INFO - Running <TaskInstance: weather_etl_pipeline.ingest_weather scheduled__2025-11-18T00:00:00+00:00 [running]> on host e821f55e9d15
[2025-11-19T00:00:00.624+0000] {taskinstance.py:3131} INFO - Exporting env vars: AIRFLOW_CTX_DAG_OWNER='chai' AIRFLOW_CTX_DAG_ID='weather_etl_pipeline' AIRFLOW_CTX_TASK_ID='ingest_weather' AIRFLOW_CTX_EXECUTION_DATE='2025-11-18T00:00:00+00:00' AIRFLOW_CTX_TRY_NUMBER='1' AIRFLOW_CTX_DAG_RUN_ID='scheduled__2025-11-18T00:00:00+00:00'
[2025-11-19T00:00:00.625+0000] {taskinstance.py:731} INFO - ::endgroup::
[2025-11-19T00:00:00.630+0000] {logging_mixin.py:190} INFO - [INGEST] Requesting: https://api.open-meteo.com/v1/forecast?latitude=-1.95&longitude=30.0588&hourly=temperature_2m,relative_humidity_2m,weathercode&forecast_days=2&timezone=UTC
[2025-11-19T00:00:04.030+0000] {logging_mixin.py:190} INFO - [INGEST] Saved raw data → /opt/airflow/data/raw/weather_raw.csv
[2025-11-19T00:00:04.031+0000] {python.py:240} INFO - Done. Returned value was: None
[2025-11-19T00:00:04.044+0000] {taskinstance.py:340} INFO - ::group::Post task execution logs
[2025-11-19T00:00:04.044+0000] {taskinstance.py:352} INFO - Marking task as SUCCESS. dag_id=weather_etl_pipeline, task_id=ingest_weather, run_id=scheduled__2025-11-18T00:00:00+00:00, execution_date=20251118T000000, start_date=20251119T000000, end_date=20251119T000004
[2025-11-19T00:00:04.087+0000] {local_task_job_runner.py:266} INFO - Task exited with return code 0
[2025-11-19T00:00:04.104+0000] {taskinstance.py:3900} INFO - 1 downstream tasks scheduled from follow-on schedule check
[2025-11-19T00:00:04.104+0000] {local_task_job_runner.py:245} INFO - ::endgroup::
[2025-11-19T04:56:23.713+0000] {local_task_job_runner.py:123} INFO - ::group::Pre task execution logs
[2025-11-19T04:56:23.719+0000] {taskinstance.py:2612} INFO - Dependencies all met for dep_context=non-requeueable deps ti=<TaskInstance: weather_etl_pipeline.ingest_weather scheduled__2025-11-18T00:00:00+00:00 [queued]>
[2025-11-19T04:56:23.723+0000] {taskinstance.py:2612} INFO - Dependencies all met for dep_context=requeueable deps ti=<TaskInstance: weather_etl_pipeline.ingest_weather scheduled__2025-11-18T00:00:00+00:00 [queued]>
[2025-11-19T04:56:23.724+0000] {taskinstance.py:2865} INFO - Starting attempt 1 of 2
[2025-11-19T04:56:23.729+0000] {taskinstance.py:2888} INFO - Executing <Task(PythonOperator): ingest_weather> on 2025-11-18 00:00:00+00:00
[2025-11-19T04:56:23.734+0000] {standard_task_runner.py:104} INFO - Running: ['airflow', 'tasks', 'run', 'weather_etl_pipeline', 'ingest_weather', 'scheduled__2025-11-18T00:00:00+00:00', '--job-id', '2', '--raw', '--subdir', 'DAGS_FOLDER/weather_etl_dag.py', '--cfg-path', '/tmp/tmp_rfjrkz8']
[2025-11-19T04:56:23.735+0000] {logging_mixin.py:190} WARNING - /home/airflow/.local/lib/python3.12/site-packages/airflow/task/task_runner/standard_task_runner.py:70 DeprecationWarning: This process (pid=221) is multi-threaded, use of fork() may lead to deadlocks in the child.
[2025-11-19T04:56:23.736+0000] {standard_task_runner.py:105} INFO - Job 2: Subtask ingest_weather
[2025-11-19T04:56:23.737+0000] {standard_task_runner.py:72} INFO - Started process 226 to run task
[2025-11-19T04:56:23.759+0000] {task_command.py:467} INFO - Running <TaskInstance: weather_etl_pipeline.ingest_weather scheduled__2025-11-18T00:00:00+00:00 [running]> on host 8720ca4bc1c2
[2025-11-19T04:56:23.791+0000] {taskinstance.py:3131} INFO - Exporting env vars: AIRFLOW_CTX_DAG_OWNER='chai' AIRFLOW_CTX_DAG_ID='weather_etl_pipeline' AIRFLOW_CTX_TASK_ID='ingest_weather' AIRFLOW_CTX_EXECUTION_DATE='2025-11-18T00:00:00+00:00' AIRFLOW_CTX_TRY_NUMBER='1' AIRFLOW_CTX_DAG_RUN_ID='scheduled__2025-11-18T00:00:00+00:00'
[2025-11-19T04:56:23.792+0000] {taskinstance.py:731} INFO - ::endgroup::
[2025-11-19T04:56:23.808+0000] {logging_mixin.py:190} INFO - [INGEST] Requesting Kigali: https://api.open-meteo.com/v1/forecast?latitude=-1.95&longitude=30.0588&hourly=temperature_2m,relative_humidity_2m,weathercode&forecast_days=2&timezone=UTC
[2025-11-19T04:56:24.749+0000] {logging_mixin.py:190} INFO - [INGEST] Requesting Musanze: https://api.open-meteo.com/v1/forecast?latitude=-1.5&longitude=29.63&hourly=temperature_2m,relative_humidity_2m,weathercode&forecast_days=2&timezone=UTC
[2025-11-19T04:56:25.685+0000] {logging_mixin.py:190} INFO - [INGEST] Requesting Huye: https://api.open-meteo.com/v1/forecast?latitude=-2.609&longitude=29.74&hourly=temperature_2m,relative_humidity_2m,weathercode&forecast_days=2&timezone=UTC
[2025-11-19T04:56:26.421+0000] {logging_mixin.py:190} INFO - [INGEST] Saved raw data → /opt/airflow/data/raw/weather_raw.csv
[2025-11-19T04:56:26.423+0000] {python.py:240} INFO - Done. Returned value was: None
[2025-11-19T04:56:26.428+0000] {taskinstance.py:340} INFO - ::group::Post task execution logs
[2025-11-19T04:56:26.429+0000] {taskinstance.py:352} INFO - Marking task as SUCCESS. dag_id=weather_etl_pipeline, task_id=ingest_weather, run_id=scheduled__2025-11-18T00:00:00+00:00, execution_date=20251118T000000, start_date=20251119T045623, end_date=20251119T045626
[2025-11-19T04:56:26.454+0000] {local_task_job_runner.py:266} INFO - Task exited with return code 0
[2025-11-19T04:56:26.465+0000] {taskinstance.py:3900} INFO - 1 downstream tasks scheduled from follow-on schedule check
[2025-11-19T04:56:26.466+0000] {local_task_job_runner.py:245} INFO - ::endgroup::
[2025-11-19T05:42:31.177+0000] {local_task_job_runner.py:123} INFO - ::group::Pre task execution logs
[2025-11-19T05:42:31.189+0000] {taskinstance.py:2612} INFO - Dependencies all met for dep_context=non-requeueable deps ti=<TaskInstance: weather_etl_pipeline.ingest_weather scheduled__2025-11-18T00:00:00+00:00 [queued]>
[2025-11-19T05:42:31.192+0000] {taskinstance.py:2612} INFO - Dependencies all met for dep_context=requeueable deps ti=<TaskInstance: weather_etl_pipeline.ingest_weather scheduled__2025-11-18T00:00:00+00:00 [queued]>
[2025-11-19T05:42:31.193+0000] {taskinstance.py:2865} INFO - Starting attempt 1 of 2
[2025-11-19T05:42:31.198+0000] {taskinstance.py:2888} INFO - Executing <Task(PythonOperator): ingest_weather> on 2025-11-18 00:00:00+00:00
[2025-11-19T05:42:31.205+0000] {logging_mixin.py:190} WARNING - /home/airflow/.local/lib/python3.12/site-packages/airflow/task/task_runner/standard_task_runner.py:70 DeprecationWarning: This process (pid=216) is multi-threaded, use of fork() may lead to deadlocks in the child.
[2025-11-19T05:42:31.204+0000] {standard_task_runner.py:104} INFO - Running: ['airflow', 'tasks', 'run', 'weather_etl_pipeline', 'ingest_weather', 'scheduled__2025-11-18T00:00:00+00:00', '--job-id', '2', '--raw', '--subdir', 'DAGS_FOLDER/weather_etl_dag.py', '--cfg-path', '/tmp/tmpuunq5gje']
[2025-11-19T05:42:31.206+0000] {standard_task_runner.py:72} INFO - Started process 220 to run task
[2025-11-19T05:42:31.206+0000] {standard_task_runner.py:105} INFO - Job 2: Subtask ingest_weather
[2025-11-19T05:42:31.234+0000] {task_command.py:467} INFO - Running <TaskInstance: weather_etl_pipeline.ingest_weather scheduled__2025-11-18T00:00:00+00:00 [running]> on host ea26307e7683
[2025-11-19T05:42:31.269+0000] {taskinstance.py:3131} INFO - Exporting env vars: AIRFLOW_CTX_DAG_OWNER='chai' AIRFLOW_CTX_DAG_ID='weather_etl_pipeline' AIRFLOW_CTX_TASK_ID='ingest_weather' AIRFLOW_CTX_EXECUTION_DATE='2025-11-18T00:00:00+00:00' AIRFLOW_CTX_TRY_NUMBER='1' AIRFLOW_CTX_DAG_RUN_ID='scheduled__2025-11-18T00:00:00+00:00'
[2025-11-19T05:42:31.269+0000] {taskinstance.py:731} INFO - ::endgroup::
[2025-11-19T05:42:31.286+0000] {logging_mixin.py:190} INFO - [INGEST] Requesting Kigali: https://api.open-meteo.com/v1/forecast?latitude=-1.95&longitude=30.0588&hourly=temperature_2m,relative_humidity_2m,weathercode&forecast_days=2&timezone=UTC
[2025-11-19T05:42:32.171+0000] {logging_mixin.py:190} INFO - [INGEST] Requesting Musanze: https://api.open-meteo.com/v1/forecast?latitude=-1.5&longitude=29.63&hourly=temperature_2m,relative_humidity_2m,weathercode&forecast_days=2&timezone=UTC
[2025-11-19T05:42:32.961+0000] {logging_mixin.py:190} INFO - [INGEST] Requesting Huye: https://api.open-meteo.com/v1/forecast?latitude=-2.609&longitude=29.74&hourly=temperature_2m,relative_humidity_2m,weathercode&forecast_days=2&timezone=UTC
[2025-11-19T05:42:33.669+0000] {logging_mixin.py:190} INFO - [INGEST] Saved raw data → /opt/airflow/data/raw/weather_raw.csv
[2025-11-19T05:42:33.670+0000] {python.py:240} INFO - Done. Returned value was: None
[2025-11-19T05:42:33.684+0000] {taskinstance.py:340} INFO - ::group::Post task execution logs
[2025-11-19T05:42:33.685+0000] {taskinstance.py:352} INFO - Marking task as SUCCESS. dag_id=weather_etl_pipeline, task_id=ingest_weather, run_id=scheduled__2025-11-18T00:00:00+00:00, execution_date=20251118T000000, start_date=20251119T054231, end_date=20251119T054233
[2025-11-19T05:42:33.719+0000] {local_task_job_runner.py:266} INFO - Task exited with return code 0
[2025-11-19T05:42:33.735+0000] {taskinstance.py:3900} INFO - 1 downstream tasks scheduled from follow-on schedule check
[2025-11-19T05:42:33.736+0000] {local_task_job_runner.py:245} INFO - ::endgroup::
[2025-11-19T07:00:48.805+0000] {local_task_job_runner.py:123} INFO - ::group::Pre task execution logs
[2025-11-19T07:00:48.811+0000] {taskinstance.py:2612} INFO - Dependencies all met for dep_context=non-requeueable deps ti=<TaskInstance: weather_etl_pipeline.ingest_weather scheduled__2025-11-18T00:00:00+00:00 [queued]>
[2025-11-19T07:00:48.813+0000] {taskinstance.py:2612} INFO - Dependencies all met for dep_context=requeueable deps ti=<TaskInstance: weather_etl_pipeline.ingest_weather scheduled__2025-11-18T00:00:00+00:00 [queued]>
[2025-11-19T07:00:48.814+0000] {taskinstance.py:2865} INFO - Starting attempt 1 of 2
[2025-11-19T07:00:48.818+0000] {taskinstance.py:2888} INFO - Executing <Task(PythonOperator): ingest_weather> on 2025-11-18 00:00:00+00:00
[2025-11-19T07:00:48.824+0000] {logging_mixin.py:190} WARNING - /home/airflow/.local/lib/python3.12/site-packages/airflow/task/task_runner/standard_task_runner.py:70 DeprecationWarning: This process (pid=216) is multi-threaded, use of fork() may lead to deadlocks in the child.
[2025-11-19T07:00:48.823+0000] {standard_task_runner.py:104} INFO - Running: ['airflow', 'tasks', 'run', 'weather_etl_pipeline', 'ingest_weather', 'scheduled__2025-11-18T00:00:00+00:00', '--job-id', '3', '--raw', '--subdir', 'DAGS_FOLDER/weather_etl_dag.py', '--cfg-path', '/tmp/tmpjhezvn42']
[2025-11-19T07:00:48.825+0000] {standard_task_runner.py:72} INFO - Started process 219 to run task
[2025-11-19T07:00:48.825+0000] {standard_task_runner.py:105} INFO - Job 3: Subtask ingest_weather
[2025-11-19T07:00:48.847+0000] {task_command.py:467} INFO - Running <TaskInstance: weather_etl_pipeline.ingest_weather scheduled__2025-11-18T00:00:00+00:00 [running]> on host 8e6f5a524378
[2025-11-19T07:00:48.876+0000] {taskinstance.py:3131} INFO - Exporting env vars: AIRFLOW_CTX_DAG_OWNER='chai' AIRFLOW_CTX_DAG_ID='weather_etl_pipeline' AIRFLOW_CTX_TASK_ID='ingest_weather' AIRFLOW_CTX_EXECUTION_DATE='2025-11-18T00:00:00+00:00' AIRFLOW_CTX_TRY_NUMBER='1' AIRFLOW_CTX_DAG_RUN_ID='scheduled__2025-11-18T00:00:00+00:00'
[2025-11-19T07:00:48.877+0000] {taskinstance.py:731} INFO - ::endgroup::
[2025-11-19T07:00:48.892+0000] {logging_mixin.py:190} INFO - [INGEST] Requesting Kigali: https://api.open-meteo.com/v1/forecast?latitude=-1.95&longitude=30.0588&hourly=temperature_2m,relative_humidity_2m,weathercode&forecast_days=2&timezone=UTC
[2025-11-19T07:00:49.695+0000] {logging_mixin.py:190} INFO - [INGEST] Requesting Musanze: https://api.open-meteo.com/v1/forecast?latitude=-1.5&longitude=29.63&hourly=temperature_2m,relative_humidity_2m,weathercode&forecast_days=2&timezone=UTC
[2025-11-19T07:00:51.208+0000] {logging_mixin.py:190} INFO - [INGEST] Requesting Huye: https://api.open-meteo.com/v1/forecast?latitude=-2.609&longitude=29.74&hourly=temperature_2m,relative_humidity_2m,weathercode&forecast_days=2&timezone=UTC
[2025-11-19T07:00:52.263+0000] {logging_mixin.py:190} INFO - [INGEST] Saved raw data → /opt/airflow/data/raw/weather_raw.csv
[2025-11-19T07:00:52.264+0000] {python.py:240} INFO - Done. Returned value was: None
[2025-11-19T07:00:52.279+0000] {taskinstance.py:340} INFO - ::group::Post task execution logs
[2025-11-19T07:00:52.280+0000] {taskinstance.py:352} INFO - Marking task as SUCCESS. dag_id=weather_etl_pipeline, task_id=ingest_weather, run_id=scheduled__2025-11-18T00:00:00+00:00, execution_date=20251118T000000, start_date=20251119T070048, end_date=20251119T070052
[2025-11-19T07:00:52.329+0000] {local_task_job_runner.py:266} INFO - Task exited with return code 0
[2025-11-19T07:00:52.347+0000] {taskinstance.py:3900} INFO - 1 downstream tasks scheduled from follow-on schedule check
[2025-11-19T07:00:52.348+0000] {local_task_job_runner.py:245} INFO - ::endgroup::
[2025-11-19T07:07:03.995+0000] {local_task_job_runner.py:123} INFO - ::group::Pre task execution logs
[2025-11-19T07:07:04.001+0000] {taskinstance.py:2612} INFO - Dependencies all met for dep_context=non-requeueable deps ti=<TaskInstance: weather_etl_pipeline.ingest_weather scheduled__2025-11-18T00:00:00+00:00 [queued]>
[2025-11-19T07:07:04.004+0000] {taskinstance.py:2612} INFO - Dependencies all met for dep_context=requeueable deps ti=<TaskInstance: weather_etl_pipeline.ingest_weather scheduled__2025-11-18T00:00:00+00:00 [queued]>
[2025-11-19T07:07:04.004+0000] {taskinstance.py:2865} INFO - Starting attempt 1 of 2
[2025-11-19T07:07:04.009+0000] {taskinstance.py:2888} INFO - Executing <Task(PythonOperator): ingest_weather> on 2025-11-18 00:00:00+00:00
[2025-11-19T07:07:04.015+0000] {logging_mixin.py:190} WARNING - /home/airflow/.local/lib/python3.12/site-packages/airflow/task/task_runner/standard_task_runner.py:70 DeprecationWarning: This process (pid=228) is multi-threaded, use of fork() may lead to deadlocks in the child.
[2025-11-19T07:07:04.016+0000] {standard_task_runner.py:72} INFO - Started process 231 to run task
[2025-11-19T07:07:04.015+0000] {standard_task_runner.py:104} INFO - Running: ['airflow', 'tasks', 'run', 'weather_etl_pipeline', 'ingest_weather', 'scheduled__2025-11-18T00:00:00+00:00', '--job-id', '2', '--raw', '--subdir', 'DAGS_FOLDER/weather_etl_dag.py', '--cfg-path', '/tmp/tmpmzh82l78']
[2025-11-19T07:07:04.016+0000] {standard_task_runner.py:105} INFO - Job 2: Subtask ingest_weather
[2025-11-19T07:07:04.036+0000] {task_command.py:467} INFO - Running <TaskInstance: weather_etl_pipeline.ingest_weather scheduled__2025-11-18T00:00:00+00:00 [running]> on host 8449ea4971cd
[2025-11-19T07:07:04.063+0000] {taskinstance.py:3131} INFO - Exporting env vars: AIRFLOW_CTX_DAG_OWNER='chai' AIRFLOW_CTX_DAG_ID='weather_etl_pipeline' AIRFLOW_CTX_TASK_ID='ingest_weather' AIRFLOW_CTX_EXECUTION_DATE='2025-11-18T00:00:00+00:00' AIRFLOW_CTX_TRY_NUMBER='1' AIRFLOW_CTX_DAG_RUN_ID='scheduled__2025-11-18T00:00:00+00:00'
[2025-11-19T07:07:04.064+0000] {taskinstance.py:731} INFO - ::endgroup::
[2025-11-19T07:07:04.081+0000] {logging_mixin.py:190} INFO - [INGEST] Requesting Kigali: https://api.open-meteo.com/v1/forecast?latitude=-1.95&longitude=30.0588&hourly=temperature_2m,relative_humidity_2m,weathercode&forecast_days=2&timezone=UTC
[2025-11-19T07:07:04.812+0000] {logging_mixin.py:190} INFO - [INGEST] Requesting Musanze: https://api.open-meteo.com/v1/forecast?latitude=-1.5&longitude=29.63&hourly=temperature_2m,relative_humidity_2m,weathercode&forecast_days=2&timezone=UTC
[2025-11-19T07:07:05.502+0000] {logging_mixin.py:190} INFO - [INGEST] Requesting Huye: https://api.open-meteo.com/v1/forecast?latitude=-2.609&longitude=29.74&hourly=temperature_2m,relative_humidity_2m,weathercode&forecast_days=2&timezone=UTC
[2025-11-19T07:07:06.239+0000] {logging_mixin.py:190} INFO - [INGEST] Saved raw data → /opt/airflow/data/raw/weather_raw.csv
[2025-11-19T07:07:06.240+0000] {python.py:240} INFO - Done. Returned value was: None
[2025-11-19T07:07:06.246+0000] {taskinstance.py:340} INFO - ::group::Post task execution logs
[2025-11-19T07:07:06.246+0000] {taskinstance.py:352} INFO - Marking task as SUCCESS. dag_id=weather_etl_pipeline, task_id=ingest_weather, run_id=scheduled__2025-11-18T00:00:00+00:00, execution_date=20251118T000000, start_date=20251119T070704, end_date=20251119T070706
[2025-11-19T07:07:06.280+0000] {local_task_job_runner.py:266} INFO - Task exited with return code 0
[2025-11-19T07:07:06.292+0000] {taskinstance.py:3900} INFO - 1 downstream tasks scheduled from follow-on schedule check
[2025-11-19T07:07:06.293+0000] {local_task_job_runner.py:245} INFO - ::endgroup::
[2025-11-19T08:26:13.317+0000] {local_task_job_runner.py:123} INFO - ::group::Pre task execution logs
[2025-11-19T08:26:13.324+0000] {taskinstance.py:2612} INFO - Dependencies all met for dep_context=non-requeueable deps ti=<TaskInstance: weather_etl_pipeline.ingest_weather scheduled__2025-11-18T00:00:00+00:00 [queued]>
[2025-11-19T08:26:13.326+0000] {taskinstance.py:2612} INFO - Dependencies all met for dep_context=requeueable deps ti=<TaskInstance: weather_etl_pipeline.ingest_weather scheduled__2025-11-18T00:00:00+00:00 [queued]>
[2025-11-19T08:26:13.326+0000] {taskinstance.py:2865} INFO - Starting attempt 1 of 2
[2025-11-19T08:26:13.332+0000] {taskinstance.py:2888} INFO - Executing <Task(PythonOperator): ingest_weather> on 2025-11-18 00:00:00+00:00
[2025-11-19T08:26:13.337+0000] {logging_mixin.py:190} WARNING - /home/airflow/.local/lib/python3.12/site-packages/airflow/task/task_runner/standard_task_runner.py:70 DeprecationWarning: This process (pid=263) is multi-threaded, use of fork() may lead to deadlocks in the child.
[2025-11-19T08:26:13.336+0000] {standard_task_runner.py:104} INFO - Running: ['airflow', 'tasks', 'run', 'weather_etl_pipeline', 'ingest_weather', 'scheduled__2025-11-18T00:00:00+00:00', '--job-id', '3', '--raw', '--subdir', 'DAGS_FOLDER/weather_etl_dag.py', '--cfg-path', '/tmp/tmpddl3atxj']
[2025-11-19T08:26:13.337+0000] {standard_task_runner.py:72} INFO - Started process 274 to run task
[2025-11-19T08:26:13.337+0000] {standard_task_runner.py:105} INFO - Job 3: Subtask ingest_weather
[2025-11-19T08:26:13.357+0000] {task_command.py:467} INFO - Running <TaskInstance: weather_etl_pipeline.ingest_weather scheduled__2025-11-18T00:00:00+00:00 [running]> on host 744263722b38
[2025-11-19T08:26:13.384+0000] {taskinstance.py:3131} INFO - Exporting env vars: AIRFLOW_CTX_DAG_OWNER='chai' AIRFLOW_CTX_DAG_ID='weather_etl_pipeline' AIRFLOW_CTX_TASK_ID='ingest_weather' AIRFLOW_CTX_EXECUTION_DATE='2025-11-18T00:00:00+00:00' AIRFLOW_CTX_TRY_NUMBER='1' AIRFLOW_CTX_DAG_RUN_ID='scheduled__2025-11-18T00:00:00+00:00'
[2025-11-19T08:26:13.384+0000] {taskinstance.py:731} INFO - ::endgroup::
[2025-11-19T08:26:13.399+0000] {logging_mixin.py:190} INFO - [INGEST] Requesting Kigali: https://api.open-meteo.com/v1/forecast?latitude=-1.95&longitude=30.0588&hourly=temperature_2m,relative_humidity_2m,weathercode&forecast_days=2&timezone=UTC
[2025-11-19T08:26:14.190+0000] {logging_mixin.py:190} INFO - [INGEST] Requesting Musanze: https://api.open-meteo.com/v1/forecast?latitude=-1.5&longitude=29.63&hourly=temperature_2m,relative_humidity_2m,weathercode&forecast_days=2&timezone=UTC
[2025-11-19T08:26:15.070+0000] {logging_mixin.py:190} INFO - [INGEST] Requesting Huye: https://api.open-meteo.com/v1/forecast?latitude=-2.609&longitude=29.74&hourly=temperature_2m,relative_humidity_2m,weathercode&forecast_days=2&timezone=UTC
[2025-11-19T08:26:15.930+0000] {logging_mixin.py:190} INFO - [INGEST] Saved raw data → /opt/airflow/data/raw/weather_raw.csv
[2025-11-19T08:26:15.931+0000] {python.py:240} INFO - Done. Returned value was: None
[2025-11-19T08:26:15.946+0000] {taskinstance.py:340} INFO - ::group::Post task execution logs
[2025-11-19T08:26:15.946+0000] {taskinstance.py:352} INFO - Marking task as SUCCESS. dag_id=weather_etl_pipeline, task_id=ingest_weather, run_id=scheduled__2025-11-18T00:00:00+00:00, execution_date=20251118T000000, start_date=20251119T082613, end_date=20251119T082615
[2025-11-19T08:26:15.983+0000] {local_task_job_runner.py:266} INFO - Task exited with return code 0
[2025-11-19T08:26:15.988+0000] {local_task_job_runner.py:245} INFO - ::endgroup::
