[2025-11-19T05:02:18.707+0000] {local_task_job_runner.py:123} INFO - ::group::Pre task execution logs
[2025-11-19T05:02:18.712+0000] {taskinstance.py:2612} INFO - Dependencies all met for dep_context=non-requeueable deps ti=<TaskInstance: weather_etl_pipeline.model_weather manual__2025-11-19T05:02:02.346311+00:00 [queued]>
[2025-11-19T05:02:18.714+0000] {taskinstance.py:2612} INFO - Dependencies all met for dep_context=requeueable deps ti=<TaskInstance: weather_etl_pipeline.model_weather manual__2025-11-19T05:02:02.346311+00:00 [queued]>
[2025-11-19T05:02:18.715+0000] {taskinstance.py:2865} INFO - Starting attempt 1 of 2
[2025-11-19T05:02:18.718+0000] {taskinstance.py:2888} INFO - Executing <Task(PythonOperator): model_weather> on 2025-11-19 05:02:02.346311+00:00
[2025-11-19T05:02:18.721+0000] {standard_task_runner.py:104} INFO - Running: ['airflow', 'tasks', 'run', 'weather_etl_pipeline', 'model_weather', 'manual__2025-11-19T05:02:02.346311+00:00', '--job-id', '10', '--raw', '--subdir', 'DAGS_FOLDER/weather_etl_dag.py', '--cfg-path', '/tmp/tmp0zd61sz0']
[2025-11-19T05:02:18.722+0000] {standard_task_runner.py:105} INFO - Job 10: Subtask model_weather
[2025-11-19T05:02:18.722+0000] {logging_mixin.py:190} WARNING - /home/airflow/.local/lib/python3.12/site-packages/airflow/task/task_runner/standard_task_runner.py:70 DeprecationWarning: This process (pid=325) is multi-threaded, use of fork() may lead to deadlocks in the child.
[2025-11-19T05:02:18.723+0000] {standard_task_runner.py:72} INFO - Started process 327 to run task
[2025-11-19T05:02:18.740+0000] {task_command.py:467} INFO - Running <TaskInstance: weather_etl_pipeline.model_weather manual__2025-11-19T05:02:02.346311+00:00 [running]> on host 8720ca4bc1c2
[2025-11-19T05:02:18.765+0000] {taskinstance.py:3131} INFO - Exporting env vars: AIRFLOW_CTX_DAG_OWNER='chai' AIRFLOW_CTX_DAG_ID='weather_etl_pipeline' AIRFLOW_CTX_TASK_ID='model_weather' AIRFLOW_CTX_EXECUTION_DATE='2025-11-19T05:02:02.346311+00:00' AIRFLOW_CTX_TRY_NUMBER='1' AIRFLOW_CTX_DAG_RUN_ID='manual__2025-11-19T05:02:02.346311+00:00'
[2025-11-19T05:02:18.765+0000] {taskinstance.py:731} INFO - ::endgroup::
[2025-11-19T05:02:18.776+0000] {logging_mixin.py:190} INFO - [MODEL] Database is ready.
[2025-11-19T05:02:18.787+0000] {logging_mixin.py:190} INFO - [MODEL] Inserted 144 rows into staging_weather
[2025-11-19T05:02:18.789+0000] {logging_mixin.py:190} INFO - [MODEL] Aggregated into mart_daily_city_weather
[2025-11-19T05:02:18.789+0000] {python.py:240} INFO - Done. Returned value was: None
[2025-11-19T05:02:18.792+0000] {taskinstance.py:340} INFO - ::group::Post task execution logs
[2025-11-19T05:02:18.792+0000] {taskinstance.py:352} INFO - Marking task as SUCCESS. dag_id=weather_etl_pipeline, task_id=model_weather, run_id=manual__2025-11-19T05:02:02.346311+00:00, execution_date=20251119T050202, start_date=20251119T050218, end_date=20251119T050218
[2025-11-19T05:02:18.823+0000] {local_task_job_runner.py:266} INFO - Task exited with return code 0
[2025-11-19T05:02:18.829+0000] {taskinstance.py:3900} INFO - 0 downstream tasks scheduled from follow-on schedule check
[2025-11-19T05:02:18.830+0000] {local_task_job_runner.py:245} INFO - ::endgroup::
