[2025-11-18T19:41:37.223+0000] {local_task_job_runner.py:123} INFO - ::group::Pre task execution logs
[2025-11-18T19:41:37.231+0000] {taskinstance.py:2612} INFO - Dependencies all met for dep_context=non-requeueable deps ti=<TaskInstance: weather_etl_pipeline.ingest_weather scheduled__2025-11-17T00:00:00+00:00 [queued]>
[2025-11-18T19:41:37.234+0000] {taskinstance.py:2612} INFO - Dependencies all met for dep_context=requeueable deps ti=<TaskInstance: weather_etl_pipeline.ingest_weather scheduled__2025-11-17T00:00:00+00:00 [queued]>
[2025-11-18T19:41:37.235+0000] {taskinstance.py:2865} INFO - Starting attempt 1 of 2
[2025-11-18T19:41:37.239+0000] {taskinstance.py:2888} INFO - Executing <Task(BashOperator): ingest_weather> on 2025-11-17 00:00:00+00:00
[2025-11-18T19:41:37.242+0000] {standard_task_runner.py:104} INFO - Running: ['airflow', 'tasks', 'run', 'weather_etl_pipeline', 'ingest_weather', 'scheduled__2025-11-17T00:00:00+00:00', '--job-id', '3', '--raw', '--subdir', 'DAGS_FOLDER/weather_etl_dag.py', '--cfg-path', '/tmp/tmpka_nrp_t']
[2025-11-18T19:41:37.242+0000] {logging_mixin.py:190} WARNING - /home/airflow/.local/lib/python3.12/site-packages/airflow/task/task_runner/standard_task_runner.py:70 DeprecationWarning: This process (pid=212) is multi-threaded, use of fork() may lead to deadlocks in the child.
[2025-11-18T19:41:37.243+0000] {standard_task_runner.py:105} INFO - Job 3: Subtask ingest_weather
[2025-11-18T19:41:37.243+0000] {standard_task_runner.py:72} INFO - Started process 214 to run task
[2025-11-18T19:41:37.260+0000] {task_command.py:467} INFO - Running <TaskInstance: weather_etl_pipeline.ingest_weather scheduled__2025-11-17T00:00:00+00:00 [running]> on host 1bd672fedc2d
[2025-11-18T19:41:37.287+0000] {taskinstance.py:3131} INFO - Exporting env vars: AIRFLOW_CTX_DAG_OWNER='chai' AIRFLOW_CTX_DAG_ID='weather_etl_pipeline' AIRFLOW_CTX_TASK_ID='ingest_weather' AIRFLOW_CTX_EXECUTION_DATE='2025-11-17T00:00:00+00:00' AIRFLOW_CTX_TRY_NUMBER='1' AIRFLOW_CTX_DAG_RUN_ID='scheduled__2025-11-17T00:00:00+00:00'
[2025-11-18T19:41:37.287+0000] {taskinstance.py:731} INFO - ::endgroup::
[2025-11-18T19:41:37.298+0000] {subprocess.py:63} INFO - Tmp dir root location: /tmp
[2025-11-18T19:41:37.299+0000] {subprocess.py:75} INFO - Running command: ['/usr/bin/bash', '-c', 'cd /opt/airflow && python pipeline/ingest.py']
[2025-11-18T19:41:37.301+0000] {subprocess.py:86} INFO - Output:
[2025-11-18T19:41:37.686+0000] {subprocess.py:93} INFO - Traceback (most recent call last):
[2025-11-18T19:41:37.687+0000] {subprocess.py:93} INFO -   File "/opt/airflow/pipeline/ingest.py", line 4, in <module>
[2025-11-18T19:41:37.687+0000] {subprocess.py:93} INFO -     from .config import OPEN_METEO_URL, CITIES, RAW_DIR
[2025-11-18T19:41:37.687+0000] {subprocess.py:93} INFO - ImportError: attempted relative import with no known parent package
[2025-11-18T19:41:37.720+0000] {subprocess.py:97} INFO - Command exited with return code 1
[2025-11-18T19:41:37.726+0000] {taskinstance.py:3310} ERROR - Task failed with exception
Traceback (most recent call last):
  File "/home/airflow/.local/lib/python3.12/site-packages/airflow/models/taskinstance.py", line 767, in _execute_task
    result = _execute_callable(context=context, **execute_callable_kwargs)
             ^^^^^^^^^^^^^^^^^^^^^^^^^^^^^^^^^^^^^^^^^^^^^^^^^^^^^^^^^^^^^
  File "/home/airflow/.local/lib/python3.12/site-packages/airflow/models/taskinstance.py", line 733, in _execute_callable
    return ExecutionCallableRunner(
           ^^^^^^^^^^^^^^^^^^^^^^^^
  File "/home/airflow/.local/lib/python3.12/site-packages/airflow/utils/operator_helpers.py", line 252, in run
    return self.func(*args, **kwargs)
           ^^^^^^^^^^^^^^^^^^^^^^^^^^
  File "/home/airflow/.local/lib/python3.12/site-packages/airflow/models/baseoperator.py", line 406, in wrapper
    return func(self, *args, **kwargs)
           ^^^^^^^^^^^^^^^^^^^^^^^^^^^
  File "/home/airflow/.local/lib/python3.12/site-packages/airflow/operators/bash.py", line 249, in execute
    raise AirflowException(
airflow.exceptions.AirflowException: Bash command failed. The command returned a non-zero exit code 1.
[2025-11-18T19:41:37.729+0000] {taskinstance.py:1225} INFO - Marking task as UP_FOR_RETRY. dag_id=weather_etl_pipeline, task_id=ingest_weather, run_id=scheduled__2025-11-17T00:00:00+00:00, execution_date=20251117T000000, start_date=20251118T194137, end_date=20251118T194137
[2025-11-18T19:41:37.734+0000] {taskinstance.py:340} INFO - ::group::Post task execution logs
[2025-11-18T19:41:37.734+0000] {standard_task_runner.py:124} ERROR - Failed to execute job 3 for task ingest_weather (Bash command failed. The command returned a non-zero exit code 1.; 214)
Traceback (most recent call last):
  File "/home/airflow/.local/lib/python3.12/site-packages/airflow/task/task_runner/standard_task_runner.py", line 117, in _start_by_fork
    ret = args.func(args, dag=self.dag)
          ^^^^^^^^^^^^^^^^^^^^^^^^^^^^^
  File "/home/airflow/.local/lib/python3.12/site-packages/airflow/cli/cli_config.py", line 49, in command
    return func(*args, **kwargs)
           ^^^^^^^^^^^^^^^^^^^^^
  File "/home/airflow/.local/lib/python3.12/site-packages/airflow/utils/cli.py", line 115, in wrapper
    return f(*args, **kwargs)
           ^^^^^^^^^^^^^^^^^^
  File "/home/airflow/.local/lib/python3.12/site-packages/airflow/cli/commands/task_command.py", line 483, in task_run
    task_return_code = _run_task_by_selected_method(args, _dag, ti)
                       ^^^^^^^^^^^^^^^^^^^^^^^^^^^^^^^^^^^^^^^^^^^^
  File "/home/airflow/.local/lib/python3.12/site-packages/airflow/cli/commands/task_command.py", line 256, in _run_task_by_selected_method
    return _run_raw_task(args, ti)
           ^^^^^^^^^^^^^^^^^^^^^^^
  File "/home/airflow/.local/lib/python3.12/site-packages/airflow/cli/commands/task_command.py", line 341, in _run_raw_task
    return ti._run_raw_task(
           ^^^^^^^^^^^^^^^^^
  File "/home/airflow/.local/lib/python3.12/site-packages/airflow/utils/session.py", line 97, in wrapper
    return func(*args, session=session, **kwargs)
           ^^^^^^^^^^^^^^^^^^^^^^^^^^^^^^^^^^^^^^
  File "/home/airflow/.local/lib/python3.12/site-packages/airflow/models/taskinstance.py", line 3004, in _run_raw_task
    return _run_raw_task(
           ^^^^^^^^^^^^^^
  File "/home/airflow/.local/lib/python3.12/site-packages/airflow/models/taskinstance.py", line 273, in _run_raw_task
    TaskInstance._execute_task_with_callbacks(
  File "/home/airflow/.local/lib/python3.12/site-packages/airflow/models/taskinstance.py", line 3158, in _execute_task_with_callbacks
    result = self._execute_task(context, task_orig)
             ^^^^^^^^^^^^^^^^^^^^^^^^^^^^^^^^^^^^^^
  File "/home/airflow/.local/lib/python3.12/site-packages/airflow/models/taskinstance.py", line 3182, in _execute_task
    return _execute_task(self, context, task_orig)
           ^^^^^^^^^^^^^^^^^^^^^^^^^^^^^^^^^^^^^^^
  File "/home/airflow/.local/lib/python3.12/site-packages/airflow/models/taskinstance.py", line 767, in _execute_task
    result = _execute_callable(context=context, **execute_callable_kwargs)
             ^^^^^^^^^^^^^^^^^^^^^^^^^^^^^^^^^^^^^^^^^^^^^^^^^^^^^^^^^^^^^
  File "/home/airflow/.local/lib/python3.12/site-packages/airflow/models/taskinstance.py", line 733, in _execute_callable
    return ExecutionCallableRunner(
           ^^^^^^^^^^^^^^^^^^^^^^^^
  File "/home/airflow/.local/lib/python3.12/site-packages/airflow/utils/operator_helpers.py", line 252, in run
    return self.func(*args, **kwargs)
           ^^^^^^^^^^^^^^^^^^^^^^^^^^
  File "/home/airflow/.local/lib/python3.12/site-packages/airflow/models/baseoperator.py", line 406, in wrapper
    return func(self, *args, **kwargs)
           ^^^^^^^^^^^^^^^^^^^^^^^^^^^
  File "/home/airflow/.local/lib/python3.12/site-packages/airflow/operators/bash.py", line 249, in execute
    raise AirflowException(
airflow.exceptions.AirflowException: Bash command failed. The command returned a non-zero exit code 1.
[2025-11-18T19:41:37.759+0000] {local_task_job_runner.py:266} INFO - Task exited with return code 1
[2025-11-18T19:41:37.770+0000] {taskinstance.py:3900} INFO - 0 downstream tasks scheduled from follow-on schedule check
[2025-11-18T19:41:37.771+0000] {local_task_job_runner.py:245} INFO - ::endgroup::
[2025-11-18T20:09:50.973+0000] {local_task_job_runner.py:123} INFO - ::group::Pre task execution logs
[2025-11-18T20:09:50.979+0000] {taskinstance.py:2612} INFO - Dependencies all met for dep_context=non-requeueable deps ti=<TaskInstance: weather_etl_pipeline.ingest_weather scheduled__2025-11-17T00:00:00+00:00 [queued]>
[2025-11-18T20:09:50.984+0000] {taskinstance.py:2612} INFO - Dependencies all met for dep_context=requeueable deps ti=<TaskInstance: weather_etl_pipeline.ingest_weather scheduled__2025-11-17T00:00:00+00:00 [queued]>
[2025-11-18T20:09:50.984+0000] {taskinstance.py:2865} INFO - Starting attempt 1 of 2
[2025-11-18T20:09:50.991+0000] {taskinstance.py:2888} INFO - Executing <Task(BashOperator): ingest_weather> on 2025-11-17 00:00:00+00:00
[2025-11-18T20:09:50.994+0000] {standard_task_runner.py:104} INFO - Running: ['airflow', 'tasks', 'run', 'weather_etl_pipeline', 'ingest_weather', 'scheduled__2025-11-17T00:00:00+00:00', '--job-id', '2', '--raw', '--subdir', 'DAGS_FOLDER/weather_etl_dag.py', '--cfg-path', '/tmp/tmp2ixf66dj']
[2025-11-18T20:09:50.995+0000] {standard_task_runner.py:105} INFO - Job 2: Subtask ingest_weather
[2025-11-18T20:09:50.995+0000] {logging_mixin.py:190} WARNING - /home/airflow/.local/lib/python3.12/site-packages/airflow/task/task_runner/standard_task_runner.py:70 DeprecationWarning: This process (pid=224) is multi-threaded, use of fork() may lead to deadlocks in the child.
[2025-11-18T20:09:50.996+0000] {standard_task_runner.py:72} INFO - Started process 226 to run task
[2025-11-18T20:09:51.018+0000] {task_command.py:467} INFO - Running <TaskInstance: weather_etl_pipeline.ingest_weather scheduled__2025-11-17T00:00:00+00:00 [running]> on host d71d66628437
[2025-11-18T20:09:51.047+0000] {taskinstance.py:3131} INFO - Exporting env vars: AIRFLOW_CTX_DAG_OWNER='chai' AIRFLOW_CTX_DAG_ID='weather_etl_pipeline' AIRFLOW_CTX_TASK_ID='ingest_weather' AIRFLOW_CTX_EXECUTION_DATE='2025-11-17T00:00:00+00:00' AIRFLOW_CTX_TRY_NUMBER='1' AIRFLOW_CTX_DAG_RUN_ID='scheduled__2025-11-17T00:00:00+00:00'
[2025-11-18T20:09:51.047+0000] {taskinstance.py:731} INFO - ::endgroup::
[2025-11-18T20:09:51.059+0000] {subprocess.py:63} INFO - Tmp dir root location: /tmp
[2025-11-18T20:09:51.059+0000] {subprocess.py:75} INFO - Running command: ['/usr/bin/bash', '-c', 'cd /opt/airflow && python pipeline/ingest.py']
[2025-11-18T20:09:51.062+0000] {subprocess.py:86} INFO - Output:
[2025-11-18T20:09:51.530+0000] {subprocess.py:93} INFO - Traceback (most recent call last):
[2025-11-18T20:09:51.530+0000] {subprocess.py:93} INFO -   File "/opt/airflow/pipeline/ingest.py", line 4, in <module>
[2025-11-18T20:09:51.530+0000] {subprocess.py:93} INFO -     from .config import OPEN_METEO_URL, CITIES, RAW_DIR
[2025-11-18T20:09:51.531+0000] {subprocess.py:93} INFO - ImportError: attempted relative import with no known parent package
[2025-11-18T20:09:51.561+0000] {subprocess.py:97} INFO - Command exited with return code 1
[2025-11-18T20:09:51.566+0000] {taskinstance.py:3310} ERROR - Task failed with exception
Traceback (most recent call last):
  File "/home/airflow/.local/lib/python3.12/site-packages/airflow/models/taskinstance.py", line 767, in _execute_task
    result = _execute_callable(context=context, **execute_callable_kwargs)
             ^^^^^^^^^^^^^^^^^^^^^^^^^^^^^^^^^^^^^^^^^^^^^^^^^^^^^^^^^^^^^
  File "/home/airflow/.local/lib/python3.12/site-packages/airflow/models/taskinstance.py", line 733, in _execute_callable
    return ExecutionCallableRunner(
           ^^^^^^^^^^^^^^^^^^^^^^^^
  File "/home/airflow/.local/lib/python3.12/site-packages/airflow/utils/operator_helpers.py", line 252, in run
    return self.func(*args, **kwargs)
           ^^^^^^^^^^^^^^^^^^^^^^^^^^
  File "/home/airflow/.local/lib/python3.12/site-packages/airflow/models/baseoperator.py", line 406, in wrapper
    return func(self, *args, **kwargs)
           ^^^^^^^^^^^^^^^^^^^^^^^^^^^
  File "/home/airflow/.local/lib/python3.12/site-packages/airflow/operators/bash.py", line 249, in execute
    raise AirflowException(
airflow.exceptions.AirflowException: Bash command failed. The command returned a non-zero exit code 1.
[2025-11-18T20:09:51.569+0000] {taskinstance.py:1225} INFO - Marking task as UP_FOR_RETRY. dag_id=weather_etl_pipeline, task_id=ingest_weather, run_id=scheduled__2025-11-17T00:00:00+00:00, execution_date=20251117T000000, start_date=20251118T200950, end_date=20251118T200951
[2025-11-18T20:09:51.573+0000] {taskinstance.py:340} INFO - ::group::Post task execution logs
[2025-11-18T20:09:51.573+0000] {standard_task_runner.py:124} ERROR - Failed to execute job 2 for task ingest_weather (Bash command failed. The command returned a non-zero exit code 1.; 226)
Traceback (most recent call last):
  File "/home/airflow/.local/lib/python3.12/site-packages/airflow/task/task_runner/standard_task_runner.py", line 117, in _start_by_fork
    ret = args.func(args, dag=self.dag)
          ^^^^^^^^^^^^^^^^^^^^^^^^^^^^^
  File "/home/airflow/.local/lib/python3.12/site-packages/airflow/cli/cli_config.py", line 49, in command
    return func(*args, **kwargs)
           ^^^^^^^^^^^^^^^^^^^^^
  File "/home/airflow/.local/lib/python3.12/site-packages/airflow/utils/cli.py", line 115, in wrapper
    return f(*args, **kwargs)
           ^^^^^^^^^^^^^^^^^^
  File "/home/airflow/.local/lib/python3.12/site-packages/airflow/cli/commands/task_command.py", line 483, in task_run
    task_return_code = _run_task_by_selected_method(args, _dag, ti)
                       ^^^^^^^^^^^^^^^^^^^^^^^^^^^^^^^^^^^^^^^^^^^^
  File "/home/airflow/.local/lib/python3.12/site-packages/airflow/cli/commands/task_command.py", line 256, in _run_task_by_selected_method
    return _run_raw_task(args, ti)
           ^^^^^^^^^^^^^^^^^^^^^^^
  File "/home/airflow/.local/lib/python3.12/site-packages/airflow/cli/commands/task_command.py", line 341, in _run_raw_task
    return ti._run_raw_task(
           ^^^^^^^^^^^^^^^^^
  File "/home/airflow/.local/lib/python3.12/site-packages/airflow/utils/session.py", line 97, in wrapper
    return func(*args, session=session, **kwargs)
           ^^^^^^^^^^^^^^^^^^^^^^^^^^^^^^^^^^^^^^
  File "/home/airflow/.local/lib/python3.12/site-packages/airflow/models/taskinstance.py", line 3004, in _run_raw_task
    return _run_raw_task(
           ^^^^^^^^^^^^^^
  File "/home/airflow/.local/lib/python3.12/site-packages/airflow/models/taskinstance.py", line 273, in _run_raw_task
    TaskInstance._execute_task_with_callbacks(
  File "/home/airflow/.local/lib/python3.12/site-packages/airflow/models/taskinstance.py", line 3158, in _execute_task_with_callbacks
    result = self._execute_task(context, task_orig)
             ^^^^^^^^^^^^^^^^^^^^^^^^^^^^^^^^^^^^^^
  File "/home/airflow/.local/lib/python3.12/site-packages/airflow/models/taskinstance.py", line 3182, in _execute_task
    return _execute_task(self, context, task_orig)
           ^^^^^^^^^^^^^^^^^^^^^^^^^^^^^^^^^^^^^^^
  File "/home/airflow/.local/lib/python3.12/site-packages/airflow/models/taskinstance.py", line 767, in _execute_task
    result = _execute_callable(context=context, **execute_callable_kwargs)
             ^^^^^^^^^^^^^^^^^^^^^^^^^^^^^^^^^^^^^^^^^^^^^^^^^^^^^^^^^^^^^
  File "/home/airflow/.local/lib/python3.12/site-packages/airflow/models/taskinstance.py", line 733, in _execute_callable
    return ExecutionCallableRunner(
           ^^^^^^^^^^^^^^^^^^^^^^^^
  File "/home/airflow/.local/lib/python3.12/site-packages/airflow/utils/operator_helpers.py", line 252, in run
    return self.func(*args, **kwargs)
           ^^^^^^^^^^^^^^^^^^^^^^^^^^
  File "/home/airflow/.local/lib/python3.12/site-packages/airflow/models/baseoperator.py", line 406, in wrapper
    return func(self, *args, **kwargs)
           ^^^^^^^^^^^^^^^^^^^^^^^^^^^
  File "/home/airflow/.local/lib/python3.12/site-packages/airflow/operators/bash.py", line 249, in execute
    raise AirflowException(
airflow.exceptions.AirflowException: Bash command failed. The command returned a non-zero exit code 1.
[2025-11-18T20:09:51.590+0000] {local_task_job_runner.py:266} INFO - Task exited with return code 1
[2025-11-18T20:09:51.597+0000] {taskinstance.py:3900} INFO - 0 downstream tasks scheduled from follow-on schedule check
[2025-11-18T20:09:51.597+0000] {local_task_job_runner.py:245} INFO - ::endgroup::
[2025-11-18T21:13:18.245+0000] {local_task_job_runner.py:123} INFO - ::group::Pre task execution logs
[2025-11-18T21:13:18.252+0000] {taskinstance.py:2612} INFO - Dependencies all met for dep_context=non-requeueable deps ti=<TaskInstance: weather_etl_pipeline.ingest_weather scheduled__2025-11-17T00:00:00+00:00 [queued]>
[2025-11-18T21:13:18.256+0000] {taskinstance.py:2612} INFO - Dependencies all met for dep_context=requeueable deps ti=<TaskInstance: weather_etl_pipeline.ingest_weather scheduled__2025-11-17T00:00:00+00:00 [queued]>
[2025-11-18T21:13:18.257+0000] {taskinstance.py:2865} INFO - Starting attempt 1 of 2
[2025-11-18T21:13:18.262+0000] {taskinstance.py:2888} INFO - Executing <Task(BashOperator): ingest_weather> on 2025-11-17 00:00:00+00:00
[2025-11-18T21:13:18.267+0000] {standard_task_runner.py:104} INFO - Running: ['airflow', 'tasks', 'run', 'weather_etl_pipeline', 'ingest_weather', 'scheduled__2025-11-17T00:00:00+00:00', '--job-id', '3', '--raw', '--subdir', 'DAGS_FOLDER/weather_etl_dag.py', '--cfg-path', '/tmp/tmp9fizs1mu']
[2025-11-18T21:13:18.268+0000] {standard_task_runner.py:105} INFO - Job 3: Subtask ingest_weather
[2025-11-18T21:13:18.268+0000] {logging_mixin.py:190} WARNING - /home/airflow/.local/lib/python3.12/site-packages/airflow/task/task_runner/standard_task_runner.py:70 DeprecationWarning: This process (pid=219) is multi-threaded, use of fork() may lead to deadlocks in the child.
[2025-11-18T21:13:18.268+0000] {standard_task_runner.py:72} INFO - Started process 222 to run task
[2025-11-18T21:13:18.287+0000] {task_command.py:467} INFO - Running <TaskInstance: weather_etl_pipeline.ingest_weather scheduled__2025-11-17T00:00:00+00:00 [running]> on host 525c5c1f6fb5
[2025-11-18T21:13:18.315+0000] {taskinstance.py:3131} INFO - Exporting env vars: AIRFLOW_CTX_DAG_OWNER='chai' AIRFLOW_CTX_DAG_ID='weather_etl_pipeline' AIRFLOW_CTX_TASK_ID='ingest_weather' AIRFLOW_CTX_EXECUTION_DATE='2025-11-17T00:00:00+00:00' AIRFLOW_CTX_TRY_NUMBER='1' AIRFLOW_CTX_DAG_RUN_ID='scheduled__2025-11-17T00:00:00+00:00'
[2025-11-18T21:13:18.315+0000] {taskinstance.py:731} INFO - ::endgroup::
[2025-11-18T21:13:18.329+0000] {subprocess.py:63} INFO - Tmp dir root location: /tmp
[2025-11-18T21:13:18.330+0000] {subprocess.py:75} INFO - Running command: ['/usr/bin/bash', '-c', 'cd /opt/airflow && python pipeline/ingest.py']
[2025-11-18T21:13:18.333+0000] {subprocess.py:86} INFO - Output:
[2025-11-18T21:13:18.738+0000] {subprocess.py:93} INFO - Traceback (most recent call last):
[2025-11-18T21:13:18.738+0000] {subprocess.py:93} INFO -   File "/opt/airflow/pipeline/ingest.py", line 4, in <module>
[2025-11-18T21:13:18.738+0000] {subprocess.py:93} INFO -     from .config import OPEN_METEO_URL, CITIES, RAW_DIR
[2025-11-18T21:13:18.738+0000] {subprocess.py:93} INFO - ImportError: attempted relative import with no known parent package
[2025-11-18T21:13:18.774+0000] {subprocess.py:97} INFO - Command exited with return code 1
[2025-11-18T21:13:18.780+0000] {taskinstance.py:3310} ERROR - Task failed with exception
Traceback (most recent call last):
  File "/home/airflow/.local/lib/python3.12/site-packages/airflow/models/taskinstance.py", line 767, in _execute_task
    result = _execute_callable(context=context, **execute_callable_kwargs)
             ^^^^^^^^^^^^^^^^^^^^^^^^^^^^^^^^^^^^^^^^^^^^^^^^^^^^^^^^^^^^^
  File "/home/airflow/.local/lib/python3.12/site-packages/airflow/models/taskinstance.py", line 733, in _execute_callable
    return ExecutionCallableRunner(
           ^^^^^^^^^^^^^^^^^^^^^^^^
  File "/home/airflow/.local/lib/python3.12/site-packages/airflow/utils/operator_helpers.py", line 252, in run
    return self.func(*args, **kwargs)
           ^^^^^^^^^^^^^^^^^^^^^^^^^^
  File "/home/airflow/.local/lib/python3.12/site-packages/airflow/models/baseoperator.py", line 406, in wrapper
    return func(self, *args, **kwargs)
           ^^^^^^^^^^^^^^^^^^^^^^^^^^^
  File "/home/airflow/.local/lib/python3.12/site-packages/airflow/operators/bash.py", line 249, in execute
    raise AirflowException(
airflow.exceptions.AirflowException: Bash command failed. The command returned a non-zero exit code 1.
[2025-11-18T21:13:18.783+0000] {taskinstance.py:1225} INFO - Marking task as UP_FOR_RETRY. dag_id=weather_etl_pipeline, task_id=ingest_weather, run_id=scheduled__2025-11-17T00:00:00+00:00, execution_date=20251117T000000, start_date=20251118T211318, end_date=20251118T211318
[2025-11-18T21:13:18.789+0000] {taskinstance.py:340} INFO - ::group::Post task execution logs
[2025-11-18T21:13:18.789+0000] {standard_task_runner.py:124} ERROR - Failed to execute job 3 for task ingest_weather (Bash command failed. The command returned a non-zero exit code 1.; 222)
Traceback (most recent call last):
  File "/home/airflow/.local/lib/python3.12/site-packages/airflow/task/task_runner/standard_task_runner.py", line 117, in _start_by_fork
    ret = args.func(args, dag=self.dag)
          ^^^^^^^^^^^^^^^^^^^^^^^^^^^^^
  File "/home/airflow/.local/lib/python3.12/site-packages/airflow/cli/cli_config.py", line 49, in command
    return func(*args, **kwargs)
           ^^^^^^^^^^^^^^^^^^^^^
  File "/home/airflow/.local/lib/python3.12/site-packages/airflow/utils/cli.py", line 115, in wrapper
    return f(*args, **kwargs)
           ^^^^^^^^^^^^^^^^^^
  File "/home/airflow/.local/lib/python3.12/site-packages/airflow/cli/commands/task_command.py", line 483, in task_run
    task_return_code = _run_task_by_selected_method(args, _dag, ti)
                       ^^^^^^^^^^^^^^^^^^^^^^^^^^^^^^^^^^^^^^^^^^^^
  File "/home/airflow/.local/lib/python3.12/site-packages/airflow/cli/commands/task_command.py", line 256, in _run_task_by_selected_method
    return _run_raw_task(args, ti)
           ^^^^^^^^^^^^^^^^^^^^^^^
  File "/home/airflow/.local/lib/python3.12/site-packages/airflow/cli/commands/task_command.py", line 341, in _run_raw_task
    return ti._run_raw_task(
           ^^^^^^^^^^^^^^^^^
  File "/home/airflow/.local/lib/python3.12/site-packages/airflow/utils/session.py", line 97, in wrapper
    return func(*args, session=session, **kwargs)
           ^^^^^^^^^^^^^^^^^^^^^^^^^^^^^^^^^^^^^^
  File "/home/airflow/.local/lib/python3.12/site-packages/airflow/models/taskinstance.py", line 3004, in _run_raw_task
    return _run_raw_task(
           ^^^^^^^^^^^^^^
  File "/home/airflow/.local/lib/python3.12/site-packages/airflow/models/taskinstance.py", line 273, in _run_raw_task
    TaskInstance._execute_task_with_callbacks(
  File "/home/airflow/.local/lib/python3.12/site-packages/airflow/models/taskinstance.py", line 3158, in _execute_task_with_callbacks
    result = self._execute_task(context, task_orig)
             ^^^^^^^^^^^^^^^^^^^^^^^^^^^^^^^^^^^^^^
  File "/home/airflow/.local/lib/python3.12/site-packages/airflow/models/taskinstance.py", line 3182, in _execute_task
    return _execute_task(self, context, task_orig)
           ^^^^^^^^^^^^^^^^^^^^^^^^^^^^^^^^^^^^^^^
  File "/home/airflow/.local/lib/python3.12/site-packages/airflow/models/taskinstance.py", line 767, in _execute_task
    result = _execute_callable(context=context, **execute_callable_kwargs)
             ^^^^^^^^^^^^^^^^^^^^^^^^^^^^^^^^^^^^^^^^^^^^^^^^^^^^^^^^^^^^^
  File "/home/airflow/.local/lib/python3.12/site-packages/airflow/models/taskinstance.py", line 733, in _execute_callable
    return ExecutionCallableRunner(
           ^^^^^^^^^^^^^^^^^^^^^^^^
  File "/home/airflow/.local/lib/python3.12/site-packages/airflow/utils/operator_helpers.py", line 252, in run
    return self.func(*args, **kwargs)
           ^^^^^^^^^^^^^^^^^^^^^^^^^^
  File "/home/airflow/.local/lib/python3.12/site-packages/airflow/models/baseoperator.py", line 406, in wrapper
    return func(self, *args, **kwargs)
           ^^^^^^^^^^^^^^^^^^^^^^^^^^^
  File "/home/airflow/.local/lib/python3.12/site-packages/airflow/operators/bash.py", line 249, in execute
    raise AirflowException(
airflow.exceptions.AirflowException: Bash command failed. The command returned a non-zero exit code 1.
[2025-11-18T21:13:18.823+0000] {local_task_job_runner.py:266} INFO - Task exited with return code 1
[2025-11-18T21:13:18.833+0000] {taskinstance.py:3900} INFO - 0 downstream tasks scheduled from follow-on schedule check
[2025-11-18T21:13:18.834+0000] {local_task_job_runner.py:245} INFO - ::endgroup::
[2025-11-18T22:55:50.963+0000] {local_task_job_runner.py:123} INFO - ::group::Pre task execution logs
[2025-11-18T22:55:50.970+0000] {taskinstance.py:2612} INFO - Dependencies all met for dep_context=non-requeueable deps ti=<TaskInstance: weather_etl_pipeline.ingest_weather scheduled__2025-11-17T00:00:00+00:00 [queued]>
[2025-11-18T22:55:50.974+0000] {taskinstance.py:2612} INFO - Dependencies all met for dep_context=requeueable deps ti=<TaskInstance: weather_etl_pipeline.ingest_weather scheduled__2025-11-17T00:00:00+00:00 [queued]>
[2025-11-18T22:55:50.974+0000] {taskinstance.py:2865} INFO - Starting attempt 1 of 2
[2025-11-18T22:55:50.979+0000] {taskinstance.py:2888} INFO - Executing <Task(PythonOperator): ingest_weather> on 2025-11-17 00:00:00+00:00
[2025-11-18T22:55:50.986+0000] {standard_task_runner.py:104} INFO - Running: ['airflow', 'tasks', 'run', 'weather_etl_pipeline', 'ingest_weather', 'scheduled__2025-11-17T00:00:00+00:00', '--job-id', '4', '--raw', '--subdir', 'DAGS_FOLDER/weather_etl_dag.py', '--cfg-path', '/tmp/tmp73ya3c0m']
[2025-11-18T22:55:50.987+0000] {logging_mixin.py:190} WARNING - /home/airflow/.local/lib/python3.12/site-packages/airflow/task/task_runner/standard_task_runner.py:70 DeprecationWarning: This process (pid=208) is multi-threaded, use of fork() may lead to deadlocks in the child.
[2025-11-18T22:55:50.988+0000] {standard_task_runner.py:105} INFO - Job 4: Subtask ingest_weather
[2025-11-18T22:55:50.988+0000] {standard_task_runner.py:72} INFO - Started process 213 to run task
[2025-11-18T22:55:51.008+0000] {task_command.py:467} INFO - Running <TaskInstance: weather_etl_pipeline.ingest_weather scheduled__2025-11-17T00:00:00+00:00 [running]> on host e821f55e9d15
[2025-11-18T22:55:51.036+0000] {taskinstance.py:3131} INFO - Exporting env vars: AIRFLOW_CTX_DAG_OWNER='chai' AIRFLOW_CTX_DAG_ID='weather_etl_pipeline' AIRFLOW_CTX_TASK_ID='ingest_weather' AIRFLOW_CTX_EXECUTION_DATE='2025-11-17T00:00:00+00:00' AIRFLOW_CTX_TRY_NUMBER='1' AIRFLOW_CTX_DAG_RUN_ID='scheduled__2025-11-17T00:00:00+00:00'
[2025-11-18T22:55:51.038+0000] {taskinstance.py:731} INFO - ::endgroup::
[2025-11-18T22:55:51.044+0000] {logging_mixin.py:190} INFO - [INGEST] Requesting: https://api.open-meteo.com/v1/forecast?latitude=-1.95&longitude=30.0588&hourly=temperature_2m,relative_humidity_2m,weathercode&forecast_days=2&timezone=UTC
[2025-11-18T22:55:51.869+0000] {logging_mixin.py:190} INFO - [INGEST] Saved raw data → /opt/airflow/data/raw/weather_raw.csv
[2025-11-18T22:55:51.871+0000] {python.py:240} INFO - Done. Returned value was: None
[2025-11-18T22:55:51.881+0000] {taskinstance.py:340} INFO - ::group::Post task execution logs
[2025-11-18T22:55:51.881+0000] {taskinstance.py:352} INFO - Marking task as SUCCESS. dag_id=weather_etl_pipeline, task_id=ingest_weather, run_id=scheduled__2025-11-17T00:00:00+00:00, execution_date=20251117T000000, start_date=20251118T225550, end_date=20251118T225551
[2025-11-18T22:55:51.897+0000] {local_task_job_runner.py:266} INFO - Task exited with return code 0
[2025-11-18T22:55:51.914+0000] {taskinstance.py:3900} INFO - 1 downstream tasks scheduled from follow-on schedule check
[2025-11-18T22:55:51.914+0000] {local_task_job_runner.py:245} INFO - ::endgroup::
