[2025-11-18T21:50:44.020+0000] {local_task_job_runner.py:123} INFO - ::group::Pre task execution logs
[2025-11-18T21:50:44.026+0000] {taskinstance.py:2612} INFO - Dependencies all met for dep_context=non-requeueable deps ti=<TaskInstance: weather_etl_pipeline.run_full_pipeline manual__2025-11-18T21:50:43.861099+00:00 [queued]>
[2025-11-18T21:50:44.029+0000] {taskinstance.py:2612} INFO - Dependencies all met for dep_context=requeueable deps ti=<TaskInstance: weather_etl_pipeline.run_full_pipeline manual__2025-11-18T21:50:43.861099+00:00 [queued]>
[2025-11-18T21:50:44.029+0000] {taskinstance.py:2865} INFO - Starting attempt 1 of 2
[2025-11-18T21:50:44.033+0000] {taskinstance.py:2888} INFO - Executing <Task(BashOperator): run_full_pipeline> on 2025-11-18 21:50:43.861099+00:00
[2025-11-18T21:50:44.036+0000] {standard_task_runner.py:104} INFO - Running: ['airflow', 'tasks', 'run', 'weather_etl_pipeline', 'run_full_pipeline', 'manual__2025-11-18T21:50:43.861099+00:00', '--job-id', '9', '--raw', '--subdir', 'DAGS_FOLDER/weather_etl_dag.py', '--cfg-path', '/tmp/tmpm9sfcd77']
[2025-11-18T21:50:44.037+0000] {logging_mixin.py:190} WARNING - /home/airflow/.local/lib/python3.12/site-packages/airflow/task/task_runner/standard_task_runner.py:70 DeprecationWarning: This process (pid=451) is multi-threaded, use of fork() may lead to deadlocks in the child.
[2025-11-18T21:50:44.037+0000] {standard_task_runner.py:105} INFO - Job 9: Subtask run_full_pipeline
[2025-11-18T21:50:44.037+0000] {standard_task_runner.py:72} INFO - Started process 452 to run task
[2025-11-18T21:50:44.055+0000] {task_command.py:467} INFO - Running <TaskInstance: weather_etl_pipeline.run_full_pipeline manual__2025-11-18T21:50:43.861099+00:00 [running]> on host b4dbab554241
[2025-11-18T21:50:44.081+0000] {taskinstance.py:3131} INFO - Exporting env vars: AIRFLOW_CTX_DAG_OWNER='chai' AIRFLOW_CTX_DAG_ID='weather_etl_pipeline' AIRFLOW_CTX_TASK_ID='run_full_pipeline' AIRFLOW_CTX_EXECUTION_DATE='2025-11-18T21:50:43.861099+00:00' AIRFLOW_CTX_TRY_NUMBER='1' AIRFLOW_CTX_DAG_RUN_ID='manual__2025-11-18T21:50:43.861099+00:00'
[2025-11-18T21:50:44.081+0000] {taskinstance.py:731} INFO - ::endgroup::
[2025-11-18T21:50:44.086+0000] {subprocess.py:63} INFO - Tmp dir root location: /tmp
[2025-11-18T21:50:44.087+0000] {subprocess.py:75} INFO - Running command: ['/usr/bin/bash', '-c', 'cd /opt/airflow && python -m pipeline.run_pipeline']
[2025-11-18T21:50:44.089+0000] {subprocess.py:86} INFO - Output:
[2025-11-18T21:50:45.447+0000] {subprocess.py:93} INFO - Traceback (most recent call last):
[2025-11-18T21:50:45.448+0000] {subprocess.py:93} INFO -   File "<frozen runpy>", line 198, in _run_module_as_main
[2025-11-18T21:50:45.448+0000] {subprocess.py:93} INFO -   File "<frozen runpy>", line 88, in _run_code
[2025-11-18T21:50:45.449+0000] {subprocess.py:93} INFO -   File "/opt/airflow/pipeline/run_pipeline.py", line 13, in <module>
[2025-11-18T21:50:45.450+0000] {subprocess.py:93} INFO -     main()
[2025-11-18T21:50:45.452+0000] {subprocess.py:93} INFO -   File "/opt/airflow/pipeline/run_pipeline.py", line 7, in main
[2025-11-18T21:50:45.452+0000] {subprocess.py:93} INFO -     run_ingest()
[2025-11-18T21:50:45.452+0000] {subprocess.py:93} INFO -   File "/opt/airflow/pipeline/ingest.py", line 39, in run_ingest
[2025-11-18T21:50:45.453+0000] {subprocess.py:93} INFO -     rows = [fetch_city_weather(cfg) for cfg in CITIES]
[2025-11-18T21:50:45.453+0000] {subprocess.py:93} INFO -             ^^^^^^^^^^^^^^^^^^^^^^^
[2025-11-18T21:50:45.453+0000] {subprocess.py:93} INFO -   File "/opt/airflow/pipeline/ingest.py", line 20, in fetch_city_weather
[2025-11-18T21:50:45.453+0000] {subprocess.py:93} INFO -     temp_series = data["hourly"]["temperature_2m"]
[2025-11-18T21:50:45.453+0000] {subprocess.py:93} INFO -                   ~~~~^^^^^^^^^^
[2025-11-18T21:50:45.453+0000] {subprocess.py:93} INFO - TypeError: list indices must be integers or slices, not str
[2025-11-18T21:50:45.454+0000] {subprocess.py:93} INFO - === CHAI Weather ETL – Pipeline Start ===
[2025-11-18T21:50:45.519+0000] {subprocess.py:97} INFO - Command exited with return code 1
[2025-11-18T21:50:45.524+0000] {taskinstance.py:3310} ERROR - Task failed with exception
Traceback (most recent call last):
  File "/home/airflow/.local/lib/python3.12/site-packages/airflow/models/taskinstance.py", line 767, in _execute_task
    result = _execute_callable(context=context, **execute_callable_kwargs)
             ^^^^^^^^^^^^^^^^^^^^^^^^^^^^^^^^^^^^^^^^^^^^^^^^^^^^^^^^^^^^^
  File "/home/airflow/.local/lib/python3.12/site-packages/airflow/models/taskinstance.py", line 733, in _execute_callable
    return ExecutionCallableRunner(
           ^^^^^^^^^^^^^^^^^^^^^^^^
  File "/home/airflow/.local/lib/python3.12/site-packages/airflow/utils/operator_helpers.py", line 252, in run
    return self.func(*args, **kwargs)
           ^^^^^^^^^^^^^^^^^^^^^^^^^^
  File "/home/airflow/.local/lib/python3.12/site-packages/airflow/models/baseoperator.py", line 406, in wrapper
    return func(self, *args, **kwargs)
           ^^^^^^^^^^^^^^^^^^^^^^^^^^^
  File "/home/airflow/.local/lib/python3.12/site-packages/airflow/operators/bash.py", line 249, in execute
    raise AirflowException(
airflow.exceptions.AirflowException: Bash command failed. The command returned a non-zero exit code 1.
[2025-11-18T21:50:45.527+0000] {taskinstance.py:1225} INFO - Marking task as UP_FOR_RETRY. dag_id=weather_etl_pipeline, task_id=run_full_pipeline, run_id=manual__2025-11-18T21:50:43.861099+00:00, execution_date=20251118T215043, start_date=20251118T215044, end_date=20251118T215045
[2025-11-18T21:50:45.532+0000] {taskinstance.py:340} INFO - ::group::Post task execution logs
[2025-11-18T21:50:45.532+0000] {standard_task_runner.py:124} ERROR - Failed to execute job 9 for task run_full_pipeline (Bash command failed. The command returned a non-zero exit code 1.; 452)
Traceback (most recent call last):
  File "/home/airflow/.local/lib/python3.12/site-packages/airflow/task/task_runner/standard_task_runner.py", line 117, in _start_by_fork
    ret = args.func(args, dag=self.dag)
          ^^^^^^^^^^^^^^^^^^^^^^^^^^^^^
  File "/home/airflow/.local/lib/python3.12/site-packages/airflow/cli/cli_config.py", line 49, in command
    return func(*args, **kwargs)
           ^^^^^^^^^^^^^^^^^^^^^
  File "/home/airflow/.local/lib/python3.12/site-packages/airflow/utils/cli.py", line 115, in wrapper
    return f(*args, **kwargs)
           ^^^^^^^^^^^^^^^^^^
  File "/home/airflow/.local/lib/python3.12/site-packages/airflow/cli/commands/task_command.py", line 483, in task_run
    task_return_code = _run_task_by_selected_method(args, _dag, ti)
                       ^^^^^^^^^^^^^^^^^^^^^^^^^^^^^^^^^^^^^^^^^^^^
  File "/home/airflow/.local/lib/python3.12/site-packages/airflow/cli/commands/task_command.py", line 256, in _run_task_by_selected_method
    return _run_raw_task(args, ti)
           ^^^^^^^^^^^^^^^^^^^^^^^
  File "/home/airflow/.local/lib/python3.12/site-packages/airflow/cli/commands/task_command.py", line 341, in _run_raw_task
    return ti._run_raw_task(
           ^^^^^^^^^^^^^^^^^
  File "/home/airflow/.local/lib/python3.12/site-packages/airflow/utils/session.py", line 97, in wrapper
    return func(*args, session=session, **kwargs)
           ^^^^^^^^^^^^^^^^^^^^^^^^^^^^^^^^^^^^^^
  File "/home/airflow/.local/lib/python3.12/site-packages/airflow/models/taskinstance.py", line 3004, in _run_raw_task
    return _run_raw_task(
           ^^^^^^^^^^^^^^
  File "/home/airflow/.local/lib/python3.12/site-packages/airflow/models/taskinstance.py", line 273, in _run_raw_task
    TaskInstance._execute_task_with_callbacks(
  File "/home/airflow/.local/lib/python3.12/site-packages/airflow/models/taskinstance.py", line 3158, in _execute_task_with_callbacks
    result = self._execute_task(context, task_orig)
             ^^^^^^^^^^^^^^^^^^^^^^^^^^^^^^^^^^^^^^
  File "/home/airflow/.local/lib/python3.12/site-packages/airflow/models/taskinstance.py", line 3182, in _execute_task
    return _execute_task(self, context, task_orig)
           ^^^^^^^^^^^^^^^^^^^^^^^^^^^^^^^^^^^^^^^
  File "/home/airflow/.local/lib/python3.12/site-packages/airflow/models/taskinstance.py", line 767, in _execute_task
    result = _execute_callable(context=context, **execute_callable_kwargs)
             ^^^^^^^^^^^^^^^^^^^^^^^^^^^^^^^^^^^^^^^^^^^^^^^^^^^^^^^^^^^^^
  File "/home/airflow/.local/lib/python3.12/site-packages/airflow/models/taskinstance.py", line 733, in _execute_callable
    return ExecutionCallableRunner(
           ^^^^^^^^^^^^^^^^^^^^^^^^
  File "/home/airflow/.local/lib/python3.12/site-packages/airflow/utils/operator_helpers.py", line 252, in run
    return self.func(*args, **kwargs)
           ^^^^^^^^^^^^^^^^^^^^^^^^^^
  File "/home/airflow/.local/lib/python3.12/site-packages/airflow/models/baseoperator.py", line 406, in wrapper
    return func(self, *args, **kwargs)
           ^^^^^^^^^^^^^^^^^^^^^^^^^^^
  File "/home/airflow/.local/lib/python3.12/site-packages/airflow/operators/bash.py", line 249, in execute
    raise AirflowException(
airflow.exceptions.AirflowException: Bash command failed. The command returned a non-zero exit code 1.
[2025-11-18T21:50:45.564+0000] {local_task_job_runner.py:266} INFO - Task exited with return code 1
[2025-11-18T21:50:45.571+0000] {taskinstance.py:3900} INFO - 0 downstream tasks scheduled from follow-on schedule check
[2025-11-18T21:50:45.571+0000] {local_task_job_runner.py:245} INFO - ::endgroup::
