[2025-11-19T04:56:27.641+0000] {local_task_job_runner.py:123} INFO - ::group::Pre task execution logs
[2025-11-19T04:56:27.647+0000] {taskinstance.py:2612} INFO - Dependencies all met for dep_context=non-requeueable deps ti=<TaskInstance: weather_etl_pipeline.model_weather manual__2025-11-19T04:56:23.311534+00:00 [queued]>
[2025-11-19T04:56:27.651+0000] {taskinstance.py:2612} INFO - Dependencies all met for dep_context=requeueable deps ti=<TaskInstance: weather_etl_pipeline.model_weather manual__2025-11-19T04:56:23.311534+00:00 [queued]>
[2025-11-19T04:56:27.651+0000] {taskinstance.py:2865} INFO - Starting attempt 1 of 2
[2025-11-19T04:56:27.655+0000] {taskinstance.py:2888} INFO - Executing <Task(PythonOperator): model_weather> on 2025-11-19 04:56:23.311534+00:00
[2025-11-19T04:56:27.658+0000] {standard_task_runner.py:104} INFO - Running: ['airflow', 'tasks', 'run', 'weather_etl_pipeline', 'model_weather', 'manual__2025-11-19T04:56:23.311534+00:00', '--job-id', '5', '--raw', '--subdir', 'DAGS_FOLDER/weather_etl_dag.py', '--cfg-path', '/tmp/tmp56midvx5']
[2025-11-19T04:56:27.659+0000] {standard_task_runner.py:105} INFO - Job 5: Subtask model_weather
[2025-11-19T04:56:27.659+0000] {logging_mixin.py:190} WARNING - /home/airflow/.local/lib/python3.12/site-packages/airflow/task/task_runner/standard_task_runner.py:70 DeprecationWarning: This process (pid=233) is multi-threaded, use of fork() may lead to deadlocks in the child.
[2025-11-19T04:56:27.659+0000] {standard_task_runner.py:72} INFO - Started process 237 to run task
[2025-11-19T04:56:27.677+0000] {task_command.py:467} INFO - Running <TaskInstance: weather_etl_pipeline.model_weather manual__2025-11-19T04:56:23.311534+00:00 [running]> on host 8720ca4bc1c2
[2025-11-19T04:56:27.703+0000] {taskinstance.py:3131} INFO - Exporting env vars: AIRFLOW_CTX_DAG_OWNER='chai' AIRFLOW_CTX_DAG_ID='weather_etl_pipeline' AIRFLOW_CTX_TASK_ID='model_weather' AIRFLOW_CTX_EXECUTION_DATE='2025-11-19T04:56:23.311534+00:00' AIRFLOW_CTX_TRY_NUMBER='1' AIRFLOW_CTX_DAG_RUN_ID='manual__2025-11-19T04:56:23.311534+00:00'
[2025-11-19T04:56:27.703+0000] {taskinstance.py:731} INFO - ::endgroup::
[2025-11-19T04:56:27.716+0000] {logging_mixin.py:190} INFO - [MODEL] Database is ready.
[2025-11-19T04:56:27.724+0000] {logging_mixin.py:190} INFO - [MODEL] Inserted 144 rows into staging_weather
[2025-11-19T04:56:27.726+0000] {logging_mixin.py:190} INFO - [MODEL] Aggregated into mart_daily_city_weather
[2025-11-19T04:56:27.726+0000] {python.py:240} INFO - Done. Returned value was: None
[2025-11-19T04:56:27.731+0000] {taskinstance.py:340} INFO - ::group::Post task execution logs
[2025-11-19T04:56:27.731+0000] {taskinstance.py:352} INFO - Marking task as SUCCESS. dag_id=weather_etl_pipeline, task_id=model_weather, run_id=manual__2025-11-19T04:56:23.311534+00:00, execution_date=20251119T045623, start_date=20251119T045627, end_date=20251119T045627
[2025-11-19T04:56:27.759+0000] {local_task_job_runner.py:266} INFO - Task exited with return code 0
[2025-11-19T04:56:27.765+0000] {taskinstance.py:3900} INFO - 0 downstream tasks scheduled from follow-on schedule check
[2025-11-19T04:56:27.766+0000] {local_task_job_runner.py:245} INFO - ::endgroup::
