[2025-11-19T04:44:31.985+0000] {local_task_job_runner.py:123} INFO - ::group::Pre task execution logs
[2025-11-19T04:44:31.990+0000] {taskinstance.py:2612} INFO - Dependencies all met for dep_context=non-requeueable deps ti=<TaskInstance: weather_etl_pipeline.model_weather manual__2025-11-19T04:44:27.071444+00:00 [queued]>
[2025-11-19T04:44:31.992+0000] {taskinstance.py:2612} INFO - Dependencies all met for dep_context=requeueable deps ti=<TaskInstance: weather_etl_pipeline.model_weather manual__2025-11-19T04:44:27.071444+00:00 [queued]>
[2025-11-19T04:44:31.992+0000] {taskinstance.py:2865} INFO - Starting attempt 1 of 2
[2025-11-19T04:44:31.996+0000] {taskinstance.py:2888} INFO - Executing <Task(PythonOperator): model_weather> on 2025-11-19 04:44:27.071444+00:00
[2025-11-19T04:44:31.999+0000] {standard_task_runner.py:104} INFO - Running: ['airflow', 'tasks', 'run', 'weather_etl_pipeline', 'model_weather', 'manual__2025-11-19T04:44:27.071444+00:00', '--job-id', '26', '--raw', '--subdir', 'DAGS_FOLDER/weather_etl_dag.py', '--cfg-path', '/tmp/tmpqv0jbovj']
[2025-11-19T04:44:32.000+0000] {logging_mixin.py:190} WARNING - /home/airflow/.local/lib/python3.12/site-packages/airflow/task/task_runner/standard_task_runner.py:70 DeprecationWarning: This process (pid=4431) is multi-threaded, use of fork() may lead to deadlocks in the child.
[2025-11-19T04:44:32.000+0000] {standard_task_runner.py:105} INFO - Job 26: Subtask model_weather
[2025-11-19T04:44:32.000+0000] {standard_task_runner.py:72} INFO - Started process 4439 to run task
[2025-11-19T04:44:32.016+0000] {task_command.py:467} INFO - Running <TaskInstance: weather_etl_pipeline.model_weather manual__2025-11-19T04:44:27.071444+00:00 [running]> on host e821f55e9d15
[2025-11-19T04:44:32.041+0000] {taskinstance.py:3131} INFO - Exporting env vars: AIRFLOW_CTX_DAG_OWNER='chai' AIRFLOW_CTX_DAG_ID='weather_etl_pipeline' AIRFLOW_CTX_TASK_ID='model_weather' AIRFLOW_CTX_EXECUTION_DATE='2025-11-19T04:44:27.071444+00:00' AIRFLOW_CTX_TRY_NUMBER='1' AIRFLOW_CTX_DAG_RUN_ID='manual__2025-11-19T04:44:27.071444+00:00'
[2025-11-19T04:44:32.042+0000] {taskinstance.py:731} INFO - ::endgroup::
[2025-11-19T04:44:32.054+0000] {logging_mixin.py:190} INFO - [MODEL] Database is ready.
[2025-11-19T04:44:32.064+0000] {logging_mixin.py:190} INFO - [MODEL] Inserted 144 rows into staging_weather
[2025-11-19T04:44:32.066+0000] {logging_mixin.py:190} INFO - [MODEL] Aggregated into mart_daily_city_weather
[2025-11-19T04:44:32.066+0000] {python.py:240} INFO - Done. Returned value was: None
[2025-11-19T04:44:32.070+0000] {taskinstance.py:340} INFO - ::group::Post task execution logs
[2025-11-19T04:44:32.070+0000] {taskinstance.py:352} INFO - Marking task as SUCCESS. dag_id=weather_etl_pipeline, task_id=model_weather, run_id=manual__2025-11-19T04:44:27.071444+00:00, execution_date=20251119T044427, start_date=20251119T044431, end_date=20251119T044432
[2025-11-19T04:44:32.101+0000] {local_task_job_runner.py:266} INFO - Task exited with return code 0
[2025-11-19T04:44:32.107+0000] {taskinstance.py:3900} INFO - 0 downstream tasks scheduled from follow-on schedule check
[2025-11-19T04:44:32.108+0000] {local_task_job_runner.py:245} INFO - ::endgroup::
